<?xml version="1.0" encoding="UTF-8"?>
<!-- Generated by org.testng.reporters.JUnitReportReporter -->
<testsuite hostname="L01878-Arun-P" failures="0" tests="1" name="Price_APIs.Price_is_Duplicate_Scenario_Name_API" time="1.748" errors="0" timestamp="2025-02-12T10:12:05 IST" skipped="0">
  <testcase classname="Price_APIs.Price_is_Duplicate_Scenario_Name_API" name="Test_Price_is_Duplicate_Scenario_Name_API" time="1.748"/>
  <system-out/>
</testsuite> <!-- Price_APIs.Price_is_Duplicate_Scenario_Name_API -->
