<?xml version="1.0" encoding="UTF-8"?>
<!-- Generated by org.testng.reporters.JUnitReportReporter -->
<testsuite hostname="L01878-Arun-P" failures="0" tests="1" name="Markdown_APIs.Markdown_Workspace_API" time="2.078" errors="0" timestamp="2024-11-21T15:48:22 IST" skipped="0">
  <testcase classname="Markdown_APIs.Markdown_Workspace_API" name="Test_Markdown_Edit_Plan_API" time="2.078"/>
  <system-out/>
</testsuite> <!-- Markdown_APIs.Markdown_Workspace_API -->
