<?xml version="1.0" encoding="UTF-8"?>
<!-- Generated by org.testng.reporters.JUnitReportReporter -->
<testsuite hostname="arun-pal" failures="0" tests="1" name="Promo_APIs.Get_Offer" time="2.381" errors="0" timestamp="2024-04-26T08:53:18 IST" skipped="0">
  <testcase classname="Promo_APIs.Get_Offer" name="get_User_Data" time="2.381"/>
  <system-out/>
</testsuite> <!-- Promo_APIs.Get_Offer -->
