<?xml version="1.0" encoding="UTF-8"?>
<!-- Generated by org.testng.reporters.JUnitReportReporter -->
<testsuite hostname="L01878-Arun-P" failures="0" tests="1" name="Promotion_APIs.POST_Promotion_Promotion_Summary_Report_API" time="2.318" errors="0" timestamp="2025-04-23T10:15:23 IST" skipped="0">
  <testcase classname="Promotion_APIs.POST_Promotion_Promotion_Summary_Report_API" name="Test_POST_Promotion_Promotion_Summary_Report_API" time="2.318"/>
  <system-out/>
</testsuite> <!-- Promotion_APIs.POST_Promotion_Promotion_Summary_Report_API -->
