<?xml version="1.0" encoding="UTF-8"?>
<!-- Generated by org.testng.reporters.JUnitReportReporter -->
<testsuite hostname="L01878-Arun-P" failures="0" tests="1" name="Markdown_APIs.Markdown_Scenarios_Page_API" time="2.022" errors="0" timestamp="2024-11-21T15:54:14 IST" skipped="0">
  <testcase classname="Markdown_APIs.Markdown_Scenarios_Page_API" name="Test_Markdown_Workspace_API" time="2.022"/>
  <system-out/>
</testsuite> <!-- Markdown_APIs.Markdown_Scenarios_Page_API -->
