<?xml version="1.0" encoding="UTF-8"?>
<!-- Generated by org.testng.reporters.JUnitReportReporter -->
<testsuite hostname="arun-pal" failures="0" tests="1" name="Promo_APIs.Get_API_Employee" time="1.713" errors="0" timestamp="2024-04-26T07:38:24 IST" skipped="0">
  <testcase classname="Promo_APIs.Get_API_Employee" name="get_User_Data" time="1.713"/>
  <system-out/>
</testsuite> <!-- Promo_APIs.Get_API_Employee -->
