<?xml version="1.0" encoding="UTF-8"?>
<!-- Generated by org.testng.reporters.JUnitReportReporter -->
<testsuite hostname="L01878-Arun-P" failures="0" tests="1" name="Markdown_APIs.Markdown_Scenario_Results_URL" time="2.638" errors="0" timestamp="2024-11-21T12:20:08 IST" skipped="0">
  <testcase classname="Markdown_APIs.Markdown_Scenario_Results_URL" name="Test_Markdown_Scenario_Results_URL" time="2.638"/>
  <system-out/>
</testsuite> <!-- Markdown_APIs.Markdown_Scenario_Results_URL -->
