<?xml version="1.0" encoding="UTF-8"?>
<!-- Generated by org.testng.reporters.JUnitReportReporter -->
<testsuite hostname="L01878-Arun-P" failures="0" tests="1" name="Price_APIs.Price_Details_page_DetailedResults_filtered_by_aggregation_API" time="2.045" errors="0" timestamp="2025-04-23T10:30:20 IST" skipped="0">
  <testcase classname="Price_APIs.Price_Details_page_DetailedResults_filtered_by_aggregation_API" name="Test_Price_Details_page_DetailedResults_filtered_by_aggregation_API" time="2.045"/>
  <system-out/>
</testsuite> <!-- Price_APIs.Price_Details_page_DetailedResults_filtered_by_aggregation_API -->
