<?xml version="1.0" encoding="UTF-8"?>
<!-- Generated by org.testng.reporters.JUnitReportReporter -->
<testsuite hostname="arun-pal" failures="0" tests="1" name="Platform_APIs.Dashboard_Page_Userapps" time="1.813" errors="0" timestamp="2024-05-30T14:39:52 IST" skipped="0">
  <testcase classname="Platform_APIs.Dashboard_Page_Userapps" name="get_User_Data" time="1.813"/>
  <system-out/>
</testsuite> <!-- Platform_APIs.Dashboard_Page_Userapps -->
