<?xml version="1.0" encoding="UTF-8"?>
<!-- Generated by org.testng.reporters.JUnitReportReporter -->
<testsuite hostname="arun-pal" failures="0" tests="1" name="DT_APIs.GET_Offer_Date" time="18.170" errors="0" timestamp="2024-04-29T11:19:59 IST" skipped="0">
  <testcase classname="DT_APIs.GET_Offer_Date" name="get_User_Data" time="18.170"/>
  <system-out/>
</testsuite> <!-- DT_APIs.GET_Offer_Date -->
