<?xml version="1.0" encoding="UTF-8"?>
<!-- Generated by org.testng.reporters.JUnitReportReporter -->
<testsuite hostname="L01878-Arun-P" failures="0" tests="1" name="Price_APIs.Price_Landing_page_widget_Count_Model_Health_API" time="2.345" errors="0" timestamp="2025-04-23T10:30:20 IST" skipped="0">
  <testcase classname="Price_APIs.Price_Landing_page_widget_Count_Model_Health_API" name="Test_Price_Landing_page_widget_Count_Model_Health_API" time="2.345"/>
  <system-out/>
</testsuite> <!-- Price_APIs.Price_Landing_page_widget_Count_Model_Health_API -->
