<?xml version="1.0" encoding="UTF-8"?>
<!-- Generated by org.testng.reporters.JUnitReportReporter -->
<testsuite hostname="L01878-Arun-P" failures="0" tests="1" name="Price_APIs.Price_Context_Menu_Approve_for_Export_Dialogue_API" time="2.153" errors="0" timestamp="2025-04-23T10:30:20 IST" skipped="0">
  <testcase classname="Price_APIs.Price_Context_Menu_Approve_for_Export_Dialogue_API" name="Test_Price_Context_Menu_Approve_for_Export_Dialogue_API" time="2.153"/>
  <system-out/>
</testsuite> <!-- Price_APIs.Price_Context_Menu_Approve_for_Export_Dialogue_API -->
