<?xml version="1.0" encoding="UTF-8"?>
<!-- Generated by org.testng.reporters.JUnitReportReporter -->
<testsuite hostname="L01878-Arun-P" failures="0" tests="1" name="Openlink_APIs.POST_Openlink_get_Validation_For_Finished_Status_API" time="1.393" errors="0" timestamp="2025-04-23T08:36:21 IST" skipped="0">
  <testcase classname="Openlink_APIs.POST_Openlink_get_Validation_For_Finished_Status_API" name="Test_POST_Openlink_get_Validation_For_Finished_Status_API" time="1.393"/>
  <system-out/>
</testsuite> <!-- Openlink_APIs.POST_Openlink_get_Validation_For_Finished_Status_API -->
