<?xml version="1.0" encoding="UTF-8"?>
<!-- Generated by org.testng.reporters.JUnitReportReporter -->
<testsuite hostname="L01878-Arun-P" failures="0" tests="1" name="Platform_APIs.Platform_Address_API" time="1.837" errors="0" timestamp="2024-08-30T11:21:03 IST" skipped="0">
  <testcase classname="Platform_APIs.Platform_Address_API" name="Test_Platform_Address_API" time="1.837"/>
  <system-out/>
</testsuite> <!-- Platform_APIs.Platform_Address_API -->
