<?xml version="1.0" encoding="UTF-8"?>
<!-- Generated by org.testng.reporters.JUnitReportReporter -->
<testsuite hostname="L01878-Arun-P" failures="0" tests="1" name="DealManagement_APIs.GET_Scenario_Run_Report" time="2.800" errors="0" timestamp="2025-03-13T09:54:00 IST" skipped="0">
  <testcase classname="DealManagement_APIs.GET_Scenario_Run_Report" name="Test_GET_Scenario_Run_Report" time="2.800"/>
  <system-out/>
</testsuite> <!-- DealManagement_APIs.GET_Scenario_Run_Report -->
