<?xml version="1.0" encoding="UTF-8"?>
<!-- Generated by org.testng.reporters.JUnitReportReporter -->
<testsuite hostname="L01878-Arun-P" failures="0" tests="1" name="Markdown_APIs.Markdown_New_Scenario_API" time="4.175" errors="0" timestamp="2024-11-21T12:17:29 IST" skipped="0">
  <testcase classname="Markdown_APIs.Markdown_New_Scenario_API" name="Test_Markdown_New_Scenario_API" time="4.175"/>
  <system-out/>
</testsuite> <!-- Markdown_APIs.Markdown_New_Scenario_API -->
