<?xml version="1.0" encoding="UTF-8"?>
<!-- Generated by org.testng.reporters.JUnitReportReporter -->
<testsuite hostname="arun-pal" failures="0" tests="1" name="API_Test.Post_Request" time="1.019" errors="0" timestamp="2024-04-12T08:37:48 IST" skipped="0">
  <testcase classname="API_Test.Post_Request" name="post_Request" time="1.019"/>
  <system-out/>
</testsuite> <!-- API_Test.Post_Request -->
