<?xml version="1.0" encoding="UTF-8"?>
<!-- Generated by org.testng.reporters.JUnitReportReporter -->
<testsuite hostname="L01878-Arun-P" failures="0" tests="1" name="Platform_APIs.Platform_User_Self_API" time="2.611" errors="0" timestamp="2024-09-12T17:39:02 IST" skipped="0">
  <testcase classname="Platform_APIs.Platform_User_Self_API" name="Test_Platform_Address_API" time="2.611"/>
  <system-out/>
</testsuite> <!-- Platform_APIs.Platform_User_Self_API -->
