<?xml version="1.0" encoding="UTF-8"?>
<!-- Generated by org.testng.reporters.JUnitReportReporter -->
<testsuite hostname="arun-pal" failures="0" tests="1" name="DT_APIs.GET_Scenario_Run_Report" time="3.189" errors="0" timestamp="2024-05-30T14:32:20 IST" skipped="0">
  <testcase classname="DT_APIs.GET_Scenario_Run_Report" name="get_User_Data" time="3.189"/>
  <system-out/>
</testsuite> <!-- DT_APIs.GET_Scenario_Run_Report -->
