<?xml version="1.0" encoding="UTF-8"?>
<!-- Generated by org.testng.reporters.JUnitReportReporter -->
<testsuite hostname="L01878-Arun-P" failures="0" tests="1" name="Markdown_APIs.Markdown_Plan_Detail_Page_API" time="3.013" errors="0" timestamp="2024-11-21T12:17:52 IST" skipped="0">
  <testcase classname="Markdown_APIs.Markdown_Plan_Detail_Page_API" name="Test_Markdown_Plan_Detail_Page_API" time="3.013"/>
  <system-out/>
</testsuite> <!-- Markdown_APIs.Markdown_Plan_Detail_Page_API -->
