<?xml version="1.0" encoding="UTF-8"?>
<!-- Generated by org.testng.reporters.JUnitReportReporter -->
<testsuite hostname="arun-pal" failures="0" tests="1" name="Promo_APIs.Delete_API" time="4.335" errors="0" timestamp="2024-04-24T18:28:02 IST" skipped="0">
  <testcase classname="Promo_APIs.Delete_API" name="Delete_Request" time="4.335"/>
  <system-out/>
</testsuite> <!-- Promo_APIs.Delete_API -->
