<?xml version="1.0" encoding="UTF-8"?>
<!-- Generated by org.testng.reporters.JUnitReportReporter -->
<testsuite hostname="L01878-Arun-P" failures="0" tests="1" name="Platform_APIs.Platform_Dashboard_Page_New_Shell_Usermenus" time="1.739" errors="0" timestamp="2024-08-30T11:21:03 IST" skipped="0">
  <testcase classname="Platform_APIs.Platform_Dashboard_Page_New_Shell_Usermenus" name="Test_Platform_Dashboard_Page_New_Shell_Usermenus" time="1.739"/>
  <system-out/>
</testsuite> <!-- Platform_APIs.Platform_Dashboard_Page_New_Shell_Usermenus -->
