<?xml version="1.0" encoding="UTF-8"?>
<!-- Generated by org.testng.reporters.JUnitReportReporter -->
<testsuite hostname="L01878-Arun-P" failures="0" tests="1" name="DealManagement_APIs.GET_Offer" time="1.693" errors="0" timestamp="2025-03-13T14:38:18 IST" skipped="0">
  <testcase classname="DealManagement_APIs.GET_Offer" name="Test_GET_Offer" time="1.693"/>
  <system-out/>
</testsuite> <!-- DealManagement_APIs.GET_Offer -->
