<?xml version="1.0" encoding="UTF-8"?>
<!-- Generated by org.testng.reporters.JUnitReportReporter -->
<testsuite hostname="L01878-Arun-P" failures="0" tests="1" name="Price_APIs.GET_POST__API" time="3.859" errors="0" timestamp="2025-04-23T10:30:20 IST" skipped="0">
  <testcase classname="Price_APIs.GET_POST__API" name="Test_POST_Landing_page_Context_Menu_Override_with_current_retail_prices_API" time="3.859"/>
  <system-out/>
</testsuite> <!-- Price_APIs.GET_POST__API -->
