<?xml version="1.0" encoding="UTF-8"?>
<!-- Generated by org.testng.reporters.JUnitReportReporter -->
<testsuite hostname="L01878-Arun-P" failures="0" tests="1" name="Openlink_APIs.Openlink_getAutoRemodelVariableConfigID_API" time="1.503" errors="0" timestamp="2025-04-23T08:36:20 IST" skipped="0">
  <testcase classname="Openlink_APIs.Openlink_getAutoRemodelVariableConfigID_API" name="Test_Openlink_getAutoRemodelVariableConfigID_API" time="1.503"/>
  <system-out/>
</testsuite> <!-- Openlink_APIs.Openlink_getAutoRemodelVariableConfigID_API -->
