<?xml version="1.0" encoding="UTF-8"?>
<!-- Generated by org.testng.reporters.JUnitReportReporter -->
<testsuite hostname="L01878-Arun-P" failures="0" tests="1" name="Price_APIs.Price_Get_Advanced_override_Modal_Scenario_Results_API" time="1.742" errors="0" timestamp="2025-04-23T10:30:20 IST" skipped="0">
  <testcase classname="Price_APIs.Price_Get_Advanced_override_Modal_Scenario_Results_API" name="Test_Price_Get_Advanced_override_Modal_Scenario_Results_API" time="1.742"/>
  <system-out/>
</testsuite> <!-- Price_APIs.Price_Get_Advanced_override_Modal_Scenario_Results_API -->
