<?xml version="1.0" encoding="UTF-8"?>
<!-- Generated by org.testng.reporters.JUnitReportReporter -->
<testsuite hostname="L01878-Arun-P" failures="0" tests="1" name="Markdown_APIs.Markdown_Plan_Page_Get_Scenario_URL" time="3.682" errors="0" timestamp="2024-11-21T12:18:43 IST" skipped="0">
  <testcase classname="Markdown_APIs.Markdown_Plan_Page_Get_Scenario_URL" name="Test_Markdown_Plan_Page_Get_Scenario_URL" time="3.682"/>
  <system-out/>
</testsuite> <!-- Markdown_APIs.Markdown_Plan_Page_Get_Scenario_URL -->
