<?xml version="1.0" encoding="UTF-8"?>
<!-- Generated by org.testng.reporters.JUnitReportReporter -->
<testsuite hostname="L01878-Arun-P" failures="0" tests="1" name="Promotion_APIs.Promotion_dupMoveValidationSave_API" time="1.461" errors="0" timestamp="2025-04-23T10:15:23 IST" skipped="0">
  <testcase classname="Promotion_APIs.Promotion_dupMoveValidationSave_API" name="Test_Promotion_dupMoveValidationSave_API" time="1.461"/>
  <system-out/>
</testsuite> <!-- Promotion_APIs.Promotion_dupMoveValidationSave_API -->
