<?xml version="1.0" encoding="UTF-8"?>
<!-- Generated by org.testng.reporters.JUnitReportReporter -->
<testsuite hostname="arun-pal" failures="0" tests="1" name="Promo_APIs.POST_Login_Token" time="3.377" errors="0" timestamp="2024-04-25T19:45:47 IST" skipped="0">
  <testcase classname="Promo_APIs.POST_Login_Token" name="testOAuthWithAuthorizationCode" time="3.377"/>
  <system-out/>
</testsuite> <!-- Promo_APIs.POST_Login_Token -->
