<?xml version="1.0" encoding="UTF-8"?>
<!-- Generated by org.testng.reporters.JUnitReportReporter -->
<testsuite hostname="arun-pal" failures="0" tests="1" name="Price_APIs.Landing_page_widget_Count_Model_Health_API" time="2.940" errors="0" timestamp="2024-07-02T12:17:27 IST" skipped="0">
  <testcase classname="Price_APIs.Landing_page_widget_Count_Model_Health_API" name="Test_Landing_page_widget_Count_Model_Health_API" time="2.940"/>
  <system-out/>
</testsuite> <!-- Price_APIs.Landing_page_widget_Count_Model_Health_API -->
