<?xml version="1.0" encoding="UTF-8"?>
<!-- Generated by org.testng.reporters.JUnitReportReporter -->
<testsuite hostname="L01878-Arun-P" failures="0" tests="1" name="Openlink_APIs.POST_Openlink_Save_Category_Mapping_API" time="1.895" errors="0" timestamp="2025-04-23T18:38:36 IST" skipped="0">
  <testcase classname="Openlink_APIs.POST_Openlink_Save_Category_Mapping_API" name="Test_POST_Openlink_Save_Category_Mapping_API" time="1.895"/>
  <system-out/>
</testsuite> <!-- Openlink_APIs.POST_Openlink_Save_Category_Mapping_API -->
