<?xml version="1.0" encoding="UTF-8"?>
<!-- Generated by org.testng.reporters.JUnitReportReporter -->
<testsuite hostname="arun-pal" failures="0" tests="1" name="API_Test.Get_API_Employee" time="2.522" errors="0" timestamp="2024-04-12T08:37:48 IST" skipped="0">
  <testcase classname="API_Test.Get_API_Employee" name="get_User_Data" time="2.522"/>
  <system-out/>
</testsuite> <!-- API_Test.Get_API_Employee -->
