<?xml version="1.0" encoding="UTF-8"?>
<!-- Generated by org.testng.reporters.JUnitReportReporter -->
<testsuite hostname="arun-pal" failures="0" tests="1" name="DT_APIs.GET_Offer" time="2.693" errors="0" timestamp="2024-05-29T14:13:23 IST" skipped="0">
  <testcase classname="DT_APIs.GET_Offer" name="get_User_Data" time="2.693"/>
  <system-out/>
</testsuite> <!-- DT_APIs.GET_Offer -->
