<?xml version="1.0" encoding="UTF-8"?>
<!-- Generated by org.testng.reporters.JUnitReportReporter -->
<testsuite hostname="L01878-Arun-P" failures="0" tests="1" name="Price_APIs.POST_Price_Scenario_Summary_Actions_Recalculate_with_Rules_API" time="1.922" errors="0" timestamp="2025-04-23T10:30:20 IST" skipped="0">
  <testcase classname="Price_APIs.POST_Price_Scenario_Summary_Actions_Recalculate_with_Rules_API" name="Test_POST_Price_Copy_API" time="1.922"/>
  <system-out/>
</testsuite> <!-- Price_APIs.POST_Price_Scenario_Summary_Actions_Recalculate_with_Rules_API -->
