<?xml version="1.0" encoding="UTF-8"?>
<!-- Generated by org.testng.reporters.JUnitReportReporter -->
<testsuite hostname="L01878-Arun-P" failures="0" tests="1" name="Price_APIs.Price_Scenario_Run_Id_API" time="4.399" errors="0" timestamp="2025-04-23T10:30:20 IST" skipped="0">
  <testcase classname="Price_APIs.Price_Scenario_Run_Id_API" name="Test_Price_Scenario_Run_Id_API" time="4.399"/>
  <system-out/>
</testsuite> <!-- Price_APIs.Price_Scenario_Run_Id_API -->
