<?xml version="1.0" encoding="UTF-8"?>
<!-- Generated by org.testng.reporters.JUnitReportReporter -->
<testsuite hostname="L01878-Arun-P" failures="0" tests="1" name="DealManagement_APIs.POST_Create_Vendor_Offer" time="4.708" errors="0" timestamp="2025-03-13T14:38:18 IST" skipped="0">
  <testcase classname="DealManagement_APIs.POST_Create_Vendor_Offer" name="Test_GET_Scenario_Run_Report" time="4.708"/>
  <system-out/>
</testsuite> <!-- DealManagement_APIs.POST_Create_Vendor_Offer -->
