<?xml version="1.0" encoding="UTF-8"?>
<!-- Generated by org.testng.reporters.JUnitReportReporter -->
<testsuite hostname="L01878-Arun-P" failures="0" tests="1" name="DealManagement_APIs.POST_Update_Cost_Changes" time="2.009" errors="0" timestamp="2025-03-12T18:27:07 IST" skipped="0">
  <testcase classname="DealManagement_APIs.POST_Update_Cost_Changes" name="Test_GET_Scenario_Run_Report" time="2.009"/>
  <system-out/>
</testsuite> <!-- DealManagement_APIs.POST_Update_Cost_Changes -->
