<?xml version="1.0" encoding="UTF-8"?>
<!-- Generated by org.testng.reporters.JUnitReportReporter -->
<testsuite hostname="arun-pal" failures="0" tests="1" name="Platform_APIs.Dashboard_Page_New_Shell_Usermenus" time="2.264" errors="0" timestamp="2024-05-30T14:54:02 IST" skipped="0">
  <testcase classname="Platform_APIs.Dashboard_Page_New_Shell_Usermenus" name="get_User_Data" time="2.264"/>
  <system-out/>
</testsuite> <!-- Platform_APIs.Dashboard_Page_New_Shell_Usermenus -->
