<?xml version="1.0" encoding="UTF-8"?>
<!-- Generated by org.testng.reporters.JUnitReportReporter -->
<testsuite hostname="L01878-Arun-P" failures="0" tests="1" name="Price_APIs.POST_Price_Landing_page_widget_Filter_extreme_chg_API" time="4.386" errors="0" timestamp="2024-11-22T12:40:31 IST" skipped="0">
  <testcase classname="Price_APIs.POST_Price_Landing_page_widget_Filter_extreme_chg_API" name="Test_POST_Price_Landing_page_widget_Filter_extreme_chg_API" time="4.386"/>
  <system-out/>
</testsuite> <!-- Price_APIs.POST_Price_Landing_page_widget_Filter_extreme_chg_API -->
